Sun Apr 3 04:50:29 PDT 2016
python3: can't open file 'downloader/everythingLookup.py': [Errno 2] No such file or directory
Sun Apr 3 04:50:29 PDT 2016
python3: can't open file 'downloader/everythingLookup.py': [Errno 2] No such file or directory
Sun Apr 3 04:50:29 PDT 2016
python3: can't open file 'downloader/everythingLookup.py': [Errno 2] No such file or directory
Sun Apr 3 04:50:29 PDT 2016
python3: can't open file 'downloader/everythingLookup.py': [Errno 2] No such file or directory
Sun Apr 3 04:50:29 PDT 2016
python3: can't open file 'downloader/everythingLookup.py': [Errno 2] No such file or directory
Sun Apr 3 04:50:29 PDT 2016
python3: can't open file 'downloader/everythingLookup.py': [Errno 2] No such file or directory
Sun Apr 3 04:50:29 PDT 2016
python3: can't open file 'downloader/everythingLookup.py': [Errno 2] No such file or directory
Sun Apr 3 04:50:29 PDT 2016
python3: can't open file 'downloader/everythingLookup.py': [Errno 2] No such file or directory
Sun Apr 3 04:50:29 PDT 2016
python3: can't open file 'downloader/everythingLookup.py': [Errno 2] No such file or directory
Sun Apr 3 04:50:29 PDT 2016
python3: can't open file 'downloader/everythingLookup.py': [Errno 2] No such file or directory
Sun Apr 3 04:50:29 PDT 2016
python3: can't open file 'downloader/everythingLookup.py': [Errno 2] No such file or directory
Sun Apr 3 04:50:29 PDT 2016
python3: can't open file 'downloader/everythingLookup.py': [Errno 2] No such file or directory
Sun Apr 3 04:50:29 PDT 2016
python3: can't open file 'downloader/everythingLookup.py': [Errno 2] No such file or directory
Sun Apr 3 04:50:29 PDT 2016
python3: can't open file 'downloader/everythingLookup.py': [Errno 2] No such file or directory
Sun Apr 3 04:50:29 PDT 2016
python3: can't open file 'downloader/everythingLookup.py': [Errno 2] No such file or directory
Sun Apr 3 04:50:29 PDT 2016
python3: can't open file 'downloader/everythingLookup.py': [Errno 2] No such file or directory
Sun Apr 3 04:50:29 PDT 2016
python3: can't open file 'downloader/everythingLookup.py': [Errno 2] No such file or directory
Sun Apr 3 04:50:29 PDT 2016
python3: can't open file 'downloader/everythingLookup.py': [Errno 2] No such file or directory
Sun Apr 3 04:50:29 PDT 2016
python3: can't open file 'downloader/everythingLookup.py': [Errno 2] No such file or directory
Sun Apr 3 04:50:29 PDT 2016
python3: can't open file 'downloader/everythingLookup.py': [Errno 2] No such file or directory
Sun Apr 3 04:50:29 PDT 2016
python3: can't open file 'downloader/everythingLookup.py': [Errno 2] No such file or directory
Sun Apr 3 04:50:29 PDT 2016
python3: can't open file 'downloader/everythingLookup.py': [Errno 2] No such file or directory
Sun Apr 3 04:50:29 PDT 2016
python3: can't open file 'downloader/everythingLookup.py': [Errno 2] No such file or directory
Sun Apr 3 04:50:29 PDT 2016
python3: can't open file 'downloader/everythingLookup.py': [Errno 2] No such file or directory
Sun Apr 3 04:50:29 PDT 2016
python3: can't open file 'downloader/everythingLookup.py': [Errno 2] No such file or directory
Sun Apr 3 04:50:29 PDT 2016
python3: can't open file 'downloader/everythingLookup.py': [Errno 2] No such file or directory
Sun Apr 3 04:50:29 PDT 2016
python3: can't open file 'downloader/everythingLookup.py': [Errno 2] No such file or directory
Sun Apr 3 04:50:29 PDT 2016
python3: can't open file 'downloader/everythingLookup.py': [Errno 2] No such file or directory
Sun Apr 3 04:50:29 PDT 2016
python3: can't open file 'downloader/everythingLookup.py': [Errno 2] No such file or directory
Sun Apr 3 04:50:29 PDT 2016
python3: can't open file 'downloader/everythingLookup.py': [Errno 2] No such file or directory
Sun Apr 3 04:50:29 PDT 2016
python3: can't open file 'downloader/everythingLookup.py': [Errno 2] No such file or directory
Sun Apr 3 04:50:29 PDT 2016
python3: can't open file 'downloader/everythingLookup.py': [Errno 2] No such file or directory
Sun Apr 3 04:50:29 PDT 2016
python3: can't open file 'downloader/everythingLookup.py': [Errno 2] No such file or directory
Sun Apr 3 04:50:29 PDT 2016
python3: can't open file 'downloader/everythingLookup.py': [Errno 2] No such file or directory
Sun Apr 3 04:50:29 PDT 2016
python3: can't open file 'downloader/everythingLookup.py': [Errno 2] No such file or directory
Sun Apr 3 04:50:29 PDT 2016
python3: can't open file 'downloader/everythingLookup.py': [Errno 2] No such file or directory
Sun Apr 3 04:50:29 PDT 2016
python3: can't open file 'downloader/everythingLookup.py': [Errno 2] No such file or directory
Sun Apr 3 04:50:29 PDT 2016
python3: can't open file 'downloader/everythingLookup.py': [Errno 2] No such file or directory
Sun Apr 3 04:50:29 PDT 2016
python3: can't open file 'downloader/everythingLookup.py': [Errno 2] No such file or directory
Sun Apr 3 04:50:29 PDT 2016
python3: can't open file 'downloader/everythingLookup.py': [Errno 2] No such file or directory
Sun Apr 3 04:50:29 PDT 2016
python3: can't open file 'downloader/everythingLookup.py': [Errno 2] No such file or directory
Sun Apr 3 04:50:29 PDT 2016
python3: can't open file 'downloader/everythingLookup.py': [Errno 2] No such file or directory
Sun Apr 3 04:50:29 PDT 2016
python3: can't open file 'downloader/everythingLookup.py': [Errno 2] No such file or directory
Sun Apr 3 04:50:29 PDT 2016
python3: can't open file 'downloader/everythingLookup.py': [Errno 2] No such file or directory
Sun Apr 3 04:50:29 PDT 2016
python3: can't open file 'downloader/everythingLookup.py': [Errno 2] No such file or directory
Sun Apr 3 04:50:29 PDT 2016
python3: can't open file 'downloader/everythingLookup.py': [Errno 2] No such file or directory
Sun Apr 3 04:50:29 PDT 2016
python3: can't open file 'downloader/everythingLookup.py': [Errno 2] No such file or directory
Sun Apr 3 04:50:29 PDT 2016
python3: can't open file 'downloader/everythingLookup.py': [Errno 2] No such file or directory
Sun Apr 3 04:50:30 PDT 2016
python3: can't open file 'downloader/everythingLookup.py': [Errno 2] No such file or directory
Sun Apr 3 04:50:30 PDT 2016
python3: can't open file 'downloader/everythingLookup.py': [Errno 2] No such file or directory
Sun Apr 3 04:50:30 PDT 2016
python3: can't open file 'downloader/everythingLookup.py': [Errno 2] No such file or directory
Sun Apr 3 04:50:30 PDT 2016
python3: can't open file 'downloader/everythingLookup.py': [Errno 2] No such file or directory
Sun Apr 3 04:50:30 PDT 2016
python3: can't open file 'downloader/everythingLookup.py': [Errno 2] No such file or directory
Sun Apr 3 04:50:30 PDT 2016
python3: can't open file 'downloader/everythingLookup.py': [Errno 2] No such file or directory
Sun Apr 3 04:50:30 PDT 2016
python3: can't open file 'downloader/everythingLookup.py': [Errno 2] No such file or directory
Sun Apr 3 04:50:30 PDT 2016
python3: can't open file 'downloader/everythingLookup.py': [Errno 2] No such file or directory
Sun Apr 3 04:50:30 PDT 2016
python3: can't open file 'downloader/everythingLookup.py': [Errno 2] No such file or directory
Sun Apr 3 04:50:30 PDT 2016
python3: can't open file 'downloader/everythingLookup.py': [Errno 2] No such file or directory
Sun Apr 3 04:50:30 PDT 2016
python3: can't open file 'downloader/everythingLookup.py': [Errno 2] No such file or directory
Sun Apr 3 04:50:30 PDT 2016
python3: can't open file 'downloader/everythingLookup.py': [Errno 2] No such file or directory
Sun Apr 3 04:50:30 PDT 2016
python3: can't open file 'downloader/everythingLookup.py': [Errno 2] No such file or directory
Sun Apr 3 04:50:30 PDT 2016
python3: can't open file 'downloader/everythingLookup.py': [Errno 2] No such file or directory
Sun Apr 3 04:50:30 PDT 2016
python3: can't open file 'downloader/everythingLookup.py': [Errno 2] No such file or directory
Sun Apr 3 04:50:30 PDT 2016
python3: can't open file 'downloader/everythingLookup.py': [Errno 2] No such file or directory
Sun Apr 3 04:50:30 PDT 2016
python3: can't open file 'downloader/everythingLookup.py': [Errno 2] No such file or directory
Sun Apr 3 04:50:30 PDT 2016
python3: can't open file 'downloader/everythingLookup.py': [Errno 2] No such file or directory
Sun Apr 3 04:50:30 PDT 2016
python3: can't open file 'downloader/everythingLookup.py': [Errno 2] No such file or directory
Sun Apr 3 04:50:30 PDT 2016
python3: can't open file 'downloader/everythingLookup.py': [Errno 2] No such file or directory
Sun Apr 3 04:50:30 PDT 2016
python3: can't open file 'downloader/everythingLookup.py': [Errno 2] No such file or directory
Sun Apr 3 04:50:30 PDT 2016
python3: can't open file 'downloader/everythingLookup.py': [Errno 2] No such file or directory
Sun Apr 3 04:50:30 PDT 2016
python3: can't open file 'downloader/everythingLookup.py': [Errno 2] No such file or directory
Sun Apr 3 04:50:30 PDT 2016
python3: can't open file 'downloader/everythingLookup.py': [Errno 2] No such file or directory
Sun Apr 3 04:50:30 PDT 2016
python3: can't open file 'downloader/everythingLookup.py': [Errno 2] No such file or directory
Sun Apr 3 04:50:30 PDT 2016
python3: can't open file 'downloader/everythingLookup.py': [Errno 2] No such file or directory
Sun Apr 3 04:50:30 PDT 2016
python3: can't open file 'downloader/everythingLookup.py': [Errno 2] No such file or directory
Sun Apr 3 04:50:30 PDT 2016
python3: can't open file 'downloader/everythingLookup.py': [Errno 2] No such file or directory
Sun Apr 3 04:50:30 PDT 2016
python3: can't open file 'downloader/everythingLookup.py': [Errno 2] No such file or directory
Sun Apr 3 04:50:30 PDT 2016
python3: can't open file 'downloader/everythingLookup.py': [Errno 2] No such file or directory
Sun Apr 3 04:50:30 PDT 2016
python3: can't open file 'downloader/everythingLookup.py': [Errno 2] No such file or directory
Sun Apr 3 04:50:30 PDT 2016
python3: can't open file 'downloader/everythingLookup.py': [Errno 2] No such file or directory
Sun Apr 3 04:50:30 PDT 2016
python3: can't open file 'downloader/everythingLookup.py': [Errno 2] No such file or directory
Sun Apr 3 04:50:30 PDT 2016
python3: can't open file 'downloader/everythingLookup.py': [Errno 2] No such file or directory
Sun Apr 3 04:50:30 PDT 2016
python3: can't open file 'downloader/everythingLookup.py': [Errno 2] No such file or directory
Sun Apr 3 04:50:30 PDT 2016
python3: can't open file 'downloader/everythingLookup.py': [Errno 2] No such file or directory
Sun Apr 3 04:50:30 PDT 2016
python3: can't open file 'downloader/everythingLookup.py': [Errno 2] No such file or directory
Sun Apr 3 04:50:30 PDT 2016
python3: can't open file 'downloader/everythingLookup.py': [Errno 2] No such file or directory
Sun Apr 3 04:50:30 PDT 2016
python3: can't open file 'downloader/everythingLookup.py': [Errno 2] No such file or directory
Sun Apr 3 04:50:30 PDT 2016
Fatal Python error: Py_Initialize: can't initialize sys standard streams
Traceback (most recent call last):
  File "<frozen importlib._bootstrap>", line 2237, in _find_and_load
  File "<frozen importlib._bootstrap>", line 2222, in _find_and_load_unlocked
  File "<frozen importlib._bootstrap>", line 2156, in _find_spec
  File "<frozen importlib._bootstrap>", line 2122, in __enter__
KeyboardInterrupt
Sun Apr 3 04:50:30 PDT 2016
python3: can't open file 'downloader/everythingLookup.py': [Errno 2] No such file or directory
Sun Apr 3 04:50:30 PDT 2016
python3: can't open file 'downloader/everythingLookup.py': [Errno 2] No such file or directory
Sun Apr 3 04:50:30 PDT 2016
