1458346174929
Zarvox database are online
Zarvox database are online
Pinging www.what.cd
Pinging www.spotify.com
Pinging www.musicbrainz.com
Pinging ws.audioscrobbler.com
Pingtest complete; sites are online
Going to pick things from top 13 albums
Mostly done getting albums, gotten 15 so far
>>> Macintosh Plus - Floral Shoppe <<<
    Top Genres: ambient, electronic, plunderphonics
Downloading song information for Floral Shoppe by Macintosh Plus
Done searching musicbrainz for album suggestions, have 10 to rank
For the artist and album derived from the provided dir (Macintosh Plus and Floral Shoppe respectively),
the following artist and album was matched on musicbrains:
Artist: MACINTOSH PLUS
Album: FLORAL SHOPPE
For the album and artist found on musicbrainz, the following torrent group was found on what:
Artist: Macintosh Plus
Album: FLORAL SHOPPE 2015 REDUX
Original artists are: Macintosh Plus
Final artists are: Macintosh Plus
Cannot get artistid on spotify for Vektroid
Popularity of artist Vektroid is 0.531682981748
Done with artists
Cannot get artistid on spotify for Macintosh Plus
'int' object is not iterable
Popularity of album FLORAL SHOPPE 2015 REDUX is 0.194843405097
Done with album
Cannot get artistid on spotify for Macintosh Plus
Warning: cannot get song spotify data. Using 0s.
Warning: cannot get song lastfm data. Using 0s.
Cannot get artistid on spotify for Macintosh Plus
Warning: cannot get song spotify data. Using 0s.
Warning: cannot get song lastfm data. Using 0s.
Cannot get artistid on spotify for Macintosh Plus
Warning: cannot get song spotify data. Using 0s.
Warning: cannot get song lastfm data. Using 0s.
Cannot get artistid on spotify for Macintosh Plus
Warning: cannot get song spotify data. Using 0s.
Warning: cannot get song lastfm data. Using 0s.
Cannot get artistid on spotify for Macintosh Plus
Warning: cannot get song spotify data. Using 0s.
Warning: cannot get song lastfm data. Using 0s.
Cannot get artistid on spotify for Macintosh Plus
Warning: cannot get song spotify data. Using 0s.
Warning: cannot get song lastfm data. Using 0s.
Cannot get artistid on spotify for Macintosh Plus
Warning: cannot get song spotify data. Using 0s.
Warning: cannot get song lastfm data. Using 0s.
Cannot get artistid on spotify for Macintosh Plus
Warning: cannot get song spotify data. Using 0s.
Warning: cannot get song lastfm data. Using 0s.
Cannot get artistid on spotify for Macintosh Plus
Warning: cannot get song spotify data. Using 0s.
Warning: cannot get song lastfm data. Using 0s.
Cannot get artistid on spotify for Macintosh Plus
Warning: cannot get song spotify data. Using 0s.
Warning: cannot get song lastfm data. Using 0s.
Cannot get artistid on spotify for Macintosh Plus
Warning: cannot get song spotify data. Using 0s.
Warning: cannot get song lastfm data. Using 0s.
Cannot get artistid on spotify for Macintosh Plus
Warning: cannot get song spotify data. Using 0s.
Warning: cannot get song lastfm data. Using 0s.
Cannot get artistid on spotify for Macintosh Plus
Warning: cannot get song spotify data. Using 0s.
Warning: cannot get song lastfm data. Using 0s.
Cannot get artistid on spotify for Macintosh Plus
Warning: cannot get song spotify data. Using 0s.
Warning: cannot get song lastfm data. Using 0s.
Cannot get artistid on spotify for Macintosh Plus
Warning: cannot get song spotify data. Using 0s.
Warning: cannot get song lastfm data. Using 0s.
Cannot get artistid on spotify for Macintosh Plus
Warning: cannot get song spotify data. Using 0s.
Warning: cannot get song lastfm data. Using 0s.
Cannot get artistid on spotify for Macintosh Plus
Warning: cannot get song spotify data. Using 0s.
Warning: cannot get song lastfm data. Using 0s.
Cannot get artistid on spotify for Macintosh Plus
Warning: cannot get song spotify data. Using 0s.
album info for FLORAL SHOPPE 2015 REDUX
	album_id:25950 (inserted)
	album:FLORAL SHOPPE 2015 REDUX (inserted)
	folder_path: (inserted)
	spotify_popularity:0 (inserted)
	lastfm_listeners:13 (inserted)
	lastfm_playcount:68 (inserted)
	whatcd_seeders:15 (inserted)
	whatcd_snatches:46 (inserted)
	popularity:0.19484340509685552 (inserted)
	pitchfork_rating:0 (inserted)
	kups_playcount:0 (inserted)
artists info for Vektroid
	artist_id:18964 (no changes)
	artist:Vektroid (no changes)
	spotify_popularity:0 (no changes)
	lastfm_listeners:17050 (no changes)
	lastfm_playcount:257045 (no changes)
	whatcd_seeders:3771 (updated from 3621)
	whatcd_snatches:28639 (updated from 28631)
	popularity:0.5316829817476464 (updated from 0.534075204981134)
	pitchfork_rating:0 (no changes)
	kups_playcount:1 (no changes)
song:
	song info for Interstellar Safari
		song_id:16351 (inserted)
		song:Interstellar Safari (inserted)
		filename: (inserted)
		album_id:25950 (inserted)
		length:158 (inserted)
		explicit:False (inserted)
		spotify_popularity:0 (inserted)
		lastfm_listeners:0 (inserted)
		lastfm_playcount:0 (inserted)
		popularity:7.4315761466576184e-09 (inserted)
		playcount:0 (inserted)
		playlists:0 (inserted)
		kups_playcount:0 (inserted)
	song info for Mindscape
		song_id:16352 (inserted)
		song:Mindscape (inserted)
		filename: (inserted)
		album_id:25950 (inserted)
		length:215 (inserted)
		explicit:False (inserted)
		spotify_popularity:0 (inserted)
		lastfm_listeners:0 (inserted)
		lastfm_playcount:0 (inserted)
		popularity:7.4315761466576184e-09 (inserted)
		playcount:0 (inserted)
		playlists:0 (inserted)
		kups_playcount:0 (inserted)
	song info for Awakening Parakeet
		song_id:16353 (inserted)
		song:Awakening Parakeet (inserted)
		filename: (inserted)
		album_id:25950 (inserted)
		length:389 (inserted)
		explicit:False (inserted)
		spotify_popularity:0 (inserted)
		lastfm_listeners:0 (inserted)
		lastfm_playcount:0 (inserted)
		popularity:7.4315761466576184e-09 (inserted)
		playcount:0 (inserted)
		playlists:0 (inserted)
		kups_playcount:0 (inserted)
	song info for VGA Grid
		song_id:16354 (inserted)
		song:VGA Grid (inserted)
		filename: (inserted)
		album_id:25950 (inserted)
		length:130 (inserted)
		explicit:False (inserted)
		spotify_popularity:0 (inserted)
		lastfm_listeners:0 (inserted)
		lastfm_playcount:0 (inserted)
		popularity:7.4315761466576184e-09 (inserted)
		playcount:0 (inserted)
		playlists:0 (inserted)
		kups_playcount:0 (inserted)
	song info for Featherskull
		song_id:16355 (inserted)
		song:Featherskull (inserted)
		filename: (inserted)
		album_id:25950 (inserted)
		length:231 (inserted)
		explicit:False (inserted)
		spotify_popularity:0 (inserted)
		lastfm_listeners:0 (inserted)
		lastfm_playcount:0 (inserted)
		popularity:7.4315761466576184e-09 (inserted)
		playcount:0 (inserted)
		playlists:0 (inserted)
		kups_playcount:0 (inserted)
	song info for Nova Prophet
		song_id:16356 (inserted)
		song:Nova Prophet (inserted)
		filename: (inserted)
		album_id:25950 (inserted)
		length:307 (inserted)
		explicit:False (inserted)
		spotify_popularity:0 (inserted)
		lastfm_listeners:0 (inserted)
		lastfm_playcount:0 (inserted)
		popularity:7.4315761466576184e-09 (inserted)
		playcount:0 (inserted)
		playlists:0 (inserted)
		kups_playcount:0 (inserted)
	song info for Infinity Diskette
		song_id:16357 (inserted)
		song:Infinity Diskette (inserted)
		filename: (inserted)
		album_id:25950 (inserted)
		length:163 (inserted)
		explicit:False (inserted)
		spotify_popularity:0 (inserted)
		lastfm_listeners:0 (inserted)
		lastfm_playcount:0 (inserted)
		popularity:7.4315761466576184e-09 (inserted)
		playcount:0 (inserted)
		playlists:0 (inserted)
		kups_playcount:0 (inserted)
	song info for Dusk at Temple Amiga
		song_id:16358 (inserted)
		song:Dusk at Temple Amiga (inserted)
		filename: (inserted)
		album_id:25950 (inserted)
		length:492 (inserted)
		explicit:False (inserted)
		spotify_popularity:0 (inserted)
		lastfm_listeners:0 (inserted)
		lastfm_playcount:0 (inserted)
		popularity:7.4315761466576184e-09 (inserted)
		playcount:0 (inserted)
		playlists:0 (inserted)
		kups_playcount:0 (inserted)
	song info for Terrestrial Sands
		song_id:16359 (inserted)
		song:Terrestrial Sands (inserted)
		filename: (inserted)
		album_id:25950 (inserted)
		length:462 (inserted)
		explicit:False (inserted)
		spotify_popularity:0 (inserted)
		lastfm_listeners:0 (inserted)
		lastfm_playcount:0 (inserted)
		popularity:7.4315761466576184e-09 (inserted)
		playcount:0 (inserted)
		playlists:0 (inserted)
		kups_playcount:0 (inserted)
	song info for Awakening Starscape
		song_id:16360 (inserted)
		song:Awakening Starscape (inserted)
		filename: (inserted)
		album_id:25950 (inserted)
		length:513 (inserted)
		explicit:False (inserted)
		spotify_popularity:0 (inserted)
		lastfm_listeners:0 (inserted)
		lastfm_playcount:0 (inserted)
		popularity:7.4315761466576184e-09 (inserted)
		playcount:0 (inserted)
		playlists:0 (inserted)
		kups_playcount:0 (inserted)
	song info for Walk With Me Saturn
		song_id:16361 (inserted)
		song:Walk With Me Saturn (inserted)
		filename: (inserted)
		album_id:25950 (inserted)
		length:368 (inserted)
		explicit:False (inserted)
		spotify_popularity:0 (inserted)
		lastfm_listeners:0 (inserted)
		lastfm_playcount:0 (inserted)
		popularity:7.4315761466576184e-09 (inserted)
		playcount:0 (inserted)
		playlists:0 (inserted)
		kups_playcount:0 (inserted)
	song info for Planetary Zones
		song_id:16362 (inserted)
		song:Planetary Zones (inserted)
		filename: (inserted)
		album_id:25950 (inserted)
		length:342 (inserted)
		explicit:False (inserted)
		spotify_popularity:0 (inserted)
		lastfm_listeners:0 (inserted)
		lastfm_playcount:0 (inserted)
		popularity:7.4315761466576184e-09 (inserted)
		playcount:0 (inserted)
		playlists:0 (inserted)
		kups_playcount:0 (inserted)
	song info for Amazon Polytrac
		song_id:16363 (inserted)
		song:Amazon Polytrac (inserted)
		filename: (inserted)
		album_id:25950 (inserted)
		length:369 (inserted)
		explicit:False (inserted)
		spotify_popularity:0 (inserted)
		lastfm_listeners:0 (inserted)
		lastfm_playcount:0 (inserted)
		popularity:7.4315761466576184e-09 (inserted)
		playcount:0 (inserted)
		playlists:0 (inserted)
		kups_playcount:0 (inserted)
	song info for Interstellar Clusters
		song_id:16364 (inserted)
		song:Interstellar Clusters (inserted)
		filename: (inserted)
		album_id:25950 (inserted)
		length:202 (inserted)
		explicit:False (inserted)
		spotify_popularity:0 (inserted)
		lastfm_listeners:0 (inserted)
		lastfm_playcount:0 (inserted)
		popularity:7.4315761466576184e-09 (inserted)
		playcount:0 (inserted)
		playlists:0 (inserted)
		kups_playcount:0 (inserted)
	song info for VGA Coral Reef
		song_id:16365 (inserted)
		song:VGA Coral Reef (inserted)
		filename: (inserted)
		album_id:25950 (inserted)
		length:362 (inserted)
		explicit:False (inserted)
		spotify_popularity:0 (inserted)
		lastfm_listeners:0 (inserted)
		lastfm_playcount:0 (inserted)
		popularity:7.4315761466576184e-09 (inserted)
		playcount:0 (inserted)
		playlists:0 (inserted)
		kups_playcount:0 (inserted)
	song info for Orion Megalith
		song_id:16366 (inserted)
		song:Orion Megalith (inserted)
		filename: (inserted)
		album_id:25950 (inserted)
		length:274 (inserted)
		explicit:False (inserted)
		spotify_popularity:0 (inserted)
		lastfm_listeners:0 (inserted)
		lastfm_playcount:0 (inserted)
		popularity:7.4315761466576184e-09 (inserted)
		playcount:0 (inserted)
		playlists:0 (inserted)
		kups_playcount:0 (inserted)
	song info for Amethyst Martini
		song_id:16367 (inserted)
		song:Amethyst Martini (inserted)
		filename: (inserted)
		album_id:25950 (inserted)
		length:148 (inserted)
		explicit:False (inserted)
		spotify_popularity:0 (inserted)
		lastfm_listeners:0 (inserted)
		lastfm_playcount:0 (inserted)
		popularity:7.4315761466576184e-09 (inserted)
		playcount:0 (inserted)
		playlists:0 (inserted)
		kups_playcount:0 (inserted)
	song info for [untitled]
		song_id:16368 (inserted)
		song:[untitled] (inserted)
		filename: (inserted)
		album_id:25950 (inserted)
		length:384 (inserted)
		explicit:False (inserted)
		spotify_popularity:0 (inserted)
		lastfm_listeners:163 (inserted)
		lastfm_playcount:729 (inserted)
		popularity:0.9999999847685308 (inserted)
		playcount:0 (inserted)
		playlists:0 (inserted)
		kups_playcount:8 (inserted)
Error with processSongs
>>> Oneohtrix Point Never - Replica <<<
    Top Genres: plunderphonics, ambient, electronic
Downloading song information for Replica by Oneohtrix Point Never
Done searching musicbrainz for album suggestions, have 13 to rank
For the artist and album derived from the provided dir (Oneohtrix Point Never and Replica respectively),
the following artist and album was matched on musicbrains:
Artist: Oneohtrix Point Never
Album: Replica
For the album and artist found on musicbrainz, the following torrent group was found on what:
Artist: Oneohtrix Point Never
Album: Replica
Original artists are: Oneohtrix Point Never
Final artists are: Oneohtrix Point Never
Popularity of artist Oneohtrix Point Never is 0.923359803395
Done with artists
Popularity of album Replica is 0.822236710192
Done with album
album info for Replica
	album_id:24525 (no changes)
	album:Replica (no changes)
	folder_path: (no changes)
	spotify_popularity:32 (no changes)
	lastfm_listeners:85310 (no changes)
	lastfm_playcount:1846031 (no changes)
	whatcd_seeders:1137 (updated from 1042)
	whatcd_snatches:10954 (updated from 10952)
	popularity:0.822236710191863 (updated from 0.7345330326782189)
	pitchfork_rating:0 (no changes)
	kups_playcount:2 (no changes)
artists info for Oneohtrix Point Never
	artist_id:27 (no changes)
	artist:Oneohtrix Point Never (no changes)
	spotify_popularity:47 (no changes)
	lastfm_listeners:193654 (no changes)
	lastfm_playcount:6733437 (no changes)
	whatcd_seeders:17467 (updated from 17184)
	whatcd_snatches:122314 (updated from 122305)
	popularity:0.9233598033948826 (updated from 0.9229232560785947)
	pitchfork_rating:0 (no changes)
	kups_playcount:4 (no changes)
song:
	song info for Andro
		song_id:16369 (inserted)
		song:Andro (inserted)
		filename: (inserted)
		album_id:24525 (inserted)
		length:235 (inserted)
		explicit:False (inserted)
		spotify_popularity:24 (inserted)
		lastfm_listeners:56408 (inserted)
		lastfm_playcount:247101 (inserted)
		popularity:0.3729207134617144 (inserted)
		playcount:0 (inserted)
		playlists:0 (inserted)
		kups_playcount:0 (inserted)
	song info for Power of Persuasion
		song_id:16370 (inserted)
		song:Power of Persuasion (inserted)
		filename: (inserted)
		album_id:24525 (inserted)
		length:209 (inserted)
		explicit:False (inserted)
		spotify_popularity:23 (inserted)
		lastfm_listeners:52104 (inserted)
		lastfm_playcount:216166 (inserted)
		popularity:0.34610130445312304 (inserted)
		playcount:0 (inserted)
		playlists:0 (inserted)
		kups_playcount:0 (inserted)
	song info for Sleep Dealer
		song_id:14001 (no changes)
		song:Sleep Dealer (no changes)
		filename: (no changes)
		album_id:24525 (no changes)
		length:190 (no changes)
		explicit:False (no changes)
		spotify_popularity:25 (no changes)
		lastfm_listeners:51157 (no changes)
		lastfm_playcount:236311 (no changes)
		popularity:0.9540668082950695 (updated from None)
		playcount:0 (no changes)
		playlists:0 (no changes)
		kups_playcount:1 (no changes)
	song info for Remember
		song_id:16371 (inserted)
		song:Remember (inserted)
		filename: (inserted)
		album_id:24525 (inserted)
		length:199 (inserted)
		explicit:False (inserted)
		spotify_popularity:21 (inserted)
		lastfm_listeners:44606 (inserted)
		lastfm_playcount:186843 (inserted)
		popularity:0.281086561774457 (inserted)
		playcount:0 (inserted)
		playlists:0 (inserted)
		kups_playcount:0 (inserted)
	song info for Replica
		song_id:14010 (no changes)
		song:Replica (no changes)
		filename: (no changes)
		album_id:24525 (no changes)
		length:276 (no changes)
		explicit:False (no changes)
		spotify_popularity:26 (no changes)
		lastfm_listeners:67581 (no changes)
		lastfm_playcount:282763 (no changes)
		popularity:0.9853961222308467 (updated from None)
		playcount:0 (no changes)
		playlists:0 (no changes)
		kups_playcount:1 (no changes)
	song info for Nassau
		song_id:16372 (inserted)
		song:Nassau (inserted)
		filename: (inserted)
		album_id:24525 (inserted)
		length:282 (inserted)
		explicit:False (inserted)
		spotify_popularity:20 (inserted)
		lastfm_listeners:40568 (inserted)
		lastfm_playcount:162690 (inserted)
		popularity:0.24503744429793275 (inserted)
		playcount:0 (inserted)
		playlists:0 (inserted)Cannot get artistid on spotify for Vektroid
reduce() of empty sequence with no initial value
  Occurred in packages/lookup.py on line 41


Cannot get artistid on spotify for Macintosh Plus
reduce() of empty sequence with no initial value
  Occurred in packages/lookup.py on line 41


Cannot get artistid on spotify for Macintosh Plus
reduce() of empty sequence with no initial value
  Occurred in packages/lookup.py on line 41


Warning: cannot get song spotify data. Using 0s.
'int' object is not iterable
  Occurred in packages/lookup.py on line 58


Warning: cannot get song lastfm data. Using 0s.
'track'
  Occurred in packages/lookup.py on line 84


Cannot get artistid on spotify for Macintosh Plus
reduce() of empty sequence with no initial value
  Occurred in packages/lookup.py on line 41


Warning: cannot get song spotify data. Using 0s.
'int' object is not iterable
  Occurred in packages/lookup.py on line 58


Warning: cannot get song lastfm data. Using 0s.
'track'
  Occurred in packages/lookup.py on line 84


Cannot get artistid on spotify for Macintosh Plus
reduce() of empty sequence with no initial value
  Occurred in packages/lookup.py on line 41


Warning: cannot get song spotify data. Using 0s.
'int' object is not iterable
  Occurred in packages/lookup.py on line 58


Warning: cannot get song lastfm data. Using 0s.
'track'
  Occurred in packages/lookup.py on line 84


Cannot get artistid on spotify for Macintosh Plus
reduce() of empty sequence with no initial value
  Occurred in packages/lookup.py on line 41


Warning: cannot get song spotify data. Using 0s.
'int' object is not iterable
  Occurred in packages/lookup.py on line 58


Warning: cannot get song lastfm data. Using 0s.
'track'
  Occurred in packages/lookup.py on line 84


Cannot get artistid on spotify for Macintosh Plus
reduce() of empty sequence with no initial value
  Occurred in packages/lookup.py on line 41


Warning: cannot get song spotify data. Using 0s.
'int' object is not iterable
  Occurred in packages/lookup.py on line 58


Warning: cannot get song lastfm data. Using 0s.
'track'
  Occurred in packages/lookup.py on line 84


Cannot get artistid on spotify for Macintosh Plus
reduce() of empty sequence with no initial value
  Occurred in packages/lookup.py on line 41


Warning: cannot get song spotify data. Using 0s.
'int' object is not iterable
  Occurred in packages/lookup.py on line 58


Warning: cannot get song lastfm data. Using 0s.
'track'
  Occurred in packages/lookup.py on line 84


Cannot get artistid on spotify for Macintosh Plus
reduce() of empty sequence with no initial value
  Occurred in packages/lookup.py on line 41


Warning: cannot get song spotify data. Using 0s.
'int' object is not iterable
  Occurred in packages/lookup.py on line 58


Warning: cannot get song lastfm data. Using 0s.
'track'
  Occurred in packages/lookup.py on line 84


Cannot get artistid on spotify for Macintosh Plus
reduce() of empty sequence with no initial value
  Occurred in packages/lookup.py on line 41


Warning: cannot get song spotify data. Using 0s.
'int' object is not iterable
  Occurred in packages/lookup.py on line 58


Warning: cannot get song lastfm data. Using 0s.
'track'
  Occurred in packages/lookup.py on line 84


Cannot get artistid on spotify for Macintosh Plus
reduce() of empty sequence with no initial value
  Occurred in packages/lookup.py on line 41


Warning: cannot get song spotify data. Using 0s.
'int' object is not iterable
  Occurred in packages/lookup.py on line 58


Warning: cannot get song lastfm data. Using 0s.
'track'
  Occurred in packages/lookup.py on line 84


Cannot get artistid on spotify for Macintosh Plus
reduce() of empty sequence with no initial value
  Occurred in packages/lookup.py on line 41


Warning: cannot get song spotify data. Using 0s.
'int' object is not iterable
  Occurred in packages/lookup.py on line 58


Warning: cannot get song lastfm data. Using 0s.
'track'
  Occurred in packages/lookup.py on line 84


Cannot get artistid on spotify for Macintosh Plus
reduce() of empty sequence with no initial value
  Occurred in packages/lookup.py on line 41


Warning: cannot get song spotify data. Using 0s.
'int' object is not iterable
  Occurred in packages/lookup.py on line 58


Warning: cannot get song lastfm data. Using 0s.
'track'
  Occurred in packages/lookup.py on line 84


Cannot get artistid on spotify for Macintosh Plus
reduce() of empty sequence with no initial value
  Occurred in packages/lookup.py on line 41


Warning: cannot get song spotify data. Using 0s.
'int' object is not iterable
  Occurred in packages/lookup.py on line 58


Warning: cannot get song lastfm data. Using 0s.
'track'
  Occurred in packages/lookup.py on line 84


Cannot get artistid on spotify for Macintosh Plus
reduce() of empty sequence with no initial value
  Occurred in packages/lookup.py on line 41


Warning: cannot get song spotify data. Using 0s.
'int' object is not iterable
  Occurred in packages/lookup.py on line 58


Warning: cannot get song lastfm data. Using 0s.
'track'
  Occurred in packages/lookup.py on line 84


Cannot get artistid on spotify for Macintosh Plus
reduce() of empty sequence with no initial value
  Occurred in packages/lookup.py on line 41


Warning: cannot get song spotify data. Using 0s.
'int' object is not iterable
  Occurred in packages/lookup.py on line 58


Warning: cannot get song lastfm data. Using 0s.
'track'
  Occurred in packages/lookup.py on line 84


Cannot get artistid on spotify for Macintosh Plus
reduce() of empty sequence with no initial value
  Occurred in packages/lookup.py on line 41


Warning: cannot get song spotify data. Using 0s.
'int' object is not iterable
  Occurred in packages/lookup.py on line 58


Warning: cannot get song lastfm data. Using 0s.
'track'
  Occurred in packages/lookup.py on line 84


Cannot get artistid on spotify for Macintosh Plus
reduce() of empty sequence with no initial value
  Occurred in packages/lookup.py on line 41


Warning: cannot get song spotify data. Using 0s.
'int' object is not iterable
  Occurred in packages/lookup.py on line 58


Warning: cannot get song lastfm data. Using 0s.
'track'
  Occurred in packages/lookup.py on line 84


Cannot get artistid on spotify for Macintosh Plus
reduce() of empty sequence with no initial value
  Occurred in packages/lookup.py on line 41


Warning: cannot get song spotify data. Using 0s.
'int' object is not iterable
  Occurred in packages/lookup.py on line 58


Warning: cannot get song lastfm data. Using 0s.
'track'
  Occurred in packages/lookup.py on line 84


Cannot get artistid on spotify for Macintosh Plus
reduce() of empty sequence with no initial value
  Occurred in packages/lookup.py on line 41


Warning: cannot get song spotify data. Using 0s.
'int' object is not iterable
  Occurred in packages/lookup.py on line 58


Error with processSongs
'NoneType' object is not subscriptable
  Occurred in downloader/everythingLookup.py on line 143
  Occurred in downloader/everythingLookup.py on line 143


Error with processSongs
'NoneType' object is not subscriptable
  Occurred in downloader/everythingLookup.py on line 143
  Occurred in downloader/everythingLookup.py on line 143



		kups_playcount:0 (inserted)
	song info for Submersible
		song_id:16373 (inserted)
		song:Submersible (inserted)
		filename: (inserted)
		album_id:24525 (inserted)
		length:229 (inserted)
		explicit:False (inserted)
		spotify_popularity:19 (inserted)
		lastfm_listeners:39516 (inserted)
		lastfm_playcount:154635 (inserted)
		popularity:0.22270993232330147 (inserted)
		playcount:0 (inserted)
		playlists:0 (inserted)
		kups_playcount:0 (inserted)
	song info for Up
		song_id:16374 (inserted)
		song:Up (inserted)
		filename: (inserted)
		album_id:24525 (inserted)
		length:237 (inserted)
		explicit:False (inserted)
		spotify_popularity:18 (inserted)
		lastfm_listeners:37037 (inserted)
		lastfm_playcount:140551 (inserted)
		popularity:0.19956381532013678 (inserted)
		playcount:0 (inserted)
		playlists:0 (inserted)
		kups_playcount:0 (inserted)
	song info for Child Soldier
		song_id:16375 (inserted)
		song:Child Soldier (inserted)
		filename: (inserted)
		album_id:24525 (inserted)
		length:192 (inserted)
		explicit:False (inserted)
		spotify_popularity:18 (inserted)
		lastfm_listeners:35678 (inserted)
		lastfm_playcount:137289 (inserted)
		popularity:0.19593637199138605 (inserted)
		playcount:0 (inserted)
		playlists:0 (inserted)
		kups_playcount:0 (inserted)
	song info for Explain
		song_id:16376 (inserted)
		song:Explain (inserted)
		filename: (inserted)
		album_id:24525 (inserted)
		length:405 (inserted)
		explicit:False (inserted)
		spotify_popularity:18 (inserted)
		lastfm_listeners:33930 (inserted)
		lastfm_playcount:121075 (inserted)
		popularity:0.18745529473726263 (inserted)
		playcount:0 (inserted)
		playlists:0 (inserted)
		kups_playcount:0 (inserted)
Error with processSongs
>>> Vangelis - Opera Sauvage <<<
    Top Genres: ambient, electronic, new.age
1458346174929